{"uuid":"462ef085-ca79-4683-8ecb-3ab856dd443a","historyId":"60f4977288e205482a022720f95d24b6","testCaseId":"[engine:junit-jupiter]/[class:TaskServiceTest]/[method:testCompleteTask()]","testCaseName":"Completing a task should update its status","fullName":"TaskServiceTest.testCompleteTask","labels":[{"name":"junit.platform.uniqueid","value":"[engine:junit-jupiter]/[class:TaskServiceTest]/[method:testCompleteTask()]"},{"name":"host","value":"RULPW0ADQSY"},{"name":"thread","value":"20148@RULPW0ADQSY.Test worker(1)"},{"name":"framework","value":"junit-platform"},{"name":"language","value":"java"},{"name":"package","value":"TaskServiceTest"},{"name":"testClass","value":"TaskServiceTest"},{"name":"testMethod","value":"testCompleteTask"},{"name":"suite","value":"Unit tests for TaskService"}],"links":[],"name":"Completing a task should update its status","status":"failed","statusDetails":{"known":false,"muted":false,"flaky":false,"message":"Multiple Failures (1 failure)\r\n\tjava.lang.AssertionError: Completing task should return true\r\nExpected: is <false>\r\n     but: was <true>","trace":"org.opentest4j.MultipleFailuresError: Multiple Failures (1 failure)\r\n\tjava.lang.AssertionError: Completing task should return true\r\nExpected: is <false>\r\n     but: was <true>\r\n\tat org.junit.jupiter.api.AssertAll.assertAll(AssertAll.java:80)\r\n\tat org.junit.jupiter.api.AssertAll.assertAll(AssertAll.java:44)\r\n\tat org.junit.jupiter.api.AssertAll.assertAll(AssertAll.java:38)\r\n\tat org.junit.jupiter.api.Assertions.assertAll(Assertions.java:2944)\r\n\tat TaskServiceTest.testCompleteTask(TaskServiceTest.java:40)\r\n\tat java.base/java.lang.reflect.Method.invoke(Method.java:580)\r\n\tat java.base/java.util.ArrayList.forEach(ArrayList.java:1596)\r\n\tat java.base/java.util.ArrayList.forEach(ArrayList.java:1596)\r\n\tSuppressed: java.lang.AssertionError: Completing task should return true\r\nExpected: is <false>\r\n     but: was <true>\r\n\t\tat org.hamcrest.MatcherAssert.assertThat(MatcherAssert.java:20)\r\n\t\tat TaskServiceTest.lambda$testCompleteTask$0(TaskServiceTest.java:41)\r\n\t\tat org.junit.jupiter.api.AssertAll.lambda$assertAll$0(AssertAll.java:68)\r\n\t\tat java.base/java.util.stream.ReferencePipeline$3$1.accept(ReferencePipeline.java:197)\r\n\t\tat java.base/java.util.Spliterators$ArraySpliterator.forEachRemaining(Spliterators.java:1024)\r\n\t\tat java.base/java.util.stream.AbstractPipeline.copyInto(AbstractPipeline.java:509)\r\n\t\tat java.base/java.util.stream.AbstractPipeline.wrapAndCopyInto(AbstractPipeline.java:499)\r\n\t\tat java.base/java.util.stream.ReduceOps$ReduceOp.evaluateSequential(ReduceOps.java:921)\r\n\t\tat java.base/java.util.stream.AbstractPipeline.evaluate(AbstractPipeline.java:234)\r\n\t\tat java.base/java.util.stream.ReferencePipeline.collect(ReferencePipeline.java:682)\r\n\t\tat org.junit.jupiter.api.AssertAll.assertAll(AssertAll.java:77)\r\n\t\t... 7 more\r\n"},"stage":"finished","description":"","steps":[],"attachments":[],"parameters":[],"start":1748874980017,"stop":1748874980075}